2022-02-03 15:55:07,955 | INFO | 2022-02-03 15:55:07.955625 : Connected successfully
2022-02-03 15:58:17,153 | INFO | 2022-02-03 15:58:17.153450 : Connected successfully
2022-02-03 15:59:48,012 | INFO | 2022-02-03 15:59:48.012250 : Connected successfully
2022-02-03 16:43:27,323 | INFO | 2022-02-03 16:43:27.323101 : Connected successfully
2022-02-03 16:52:02,890 | INFO | 2022-02-03 16:52:02.890209 : Connected successfully
2022-02-03 16:52:37,903 | INFO | 2022-02-03 16:52:37.903401 : Connected successfully
2022-02-03 16:53:27,475 | INFO | 2022-02-03 16:53:27.475155 : Connected successfully
2022-02-03 16:55:56,272 | INFO | 2022-02-03 16:55:56.272711 : Connected successfully
2022-02-03 16:56:46,444 | INFO | 2022-02-03 16:56:46.444868 : Connected successfully
2022-02-03 16:56:51,385 | INFO | 2022-02-03 16:56:51.385184order kcsmain: buy KCS-USDT : 0.0599@17.942
2022-02-03 16:56:54,864 | INFO | 2022-02-03 16:56:54.864250order kcsmain: buy ETH-USDT : 0.00039999999999999996@2641.5
2022-02-03 16:56:55,622 | INFO | 2022-02-03 16:56:55.622828order kcsmain: buy ETH-USDT : 0.00039999999999999996@2641.5
2022-02-03 16:56:57,907 | INFO | 2022-02-03 16:56:57.907632order kcsmain: buy MANA-USDT : 0.4@2.56698
2022-02-03 16:56:58,507 | INFO | 2022-02-03 16:56:58.507022order kcsmain: buy MANA-USDT : 0.4@2.56698
2022-02-03 16:56:59,084 | INFO | 2022-02-03 16:56:59.084328order kcsmain: buy MANA-USDT : 0.4@2.56698
2022-02-03 16:57:01,405 | INFO | 2022-02-03 16:57:01.405885order kcsmain: buy SAND-USDT : 0.2999@3.6261
2022-02-03 16:57:03,985 | INFO | 2022-02-03 16:57:03.985997order kcsmain: buy SHIB-USDT : 499.9999@2.055e-05
2022-02-03 16:57:04,695 | INFO | 2022-02-03 16:57:04.695389order kcsmain: buy SHIB-USDT : 499.9999@2.055e-05
2022-02-03 16:57:07,087 | INFO | 2022-02-03 16:57:07.087926order kcsmain: buy BNB-USDT : 0.0029000000000000002@367.22
2022-02-03 16:57:07,796 | INFO | 2022-02-03 16:57:07.796636order kcsmain: buy BNB-USDT : 0.0029000000000000002@367.22
2022-02-03 16:57:08,352 | INFO | 2022-02-03 16:57:08.352040order kcsmain: buy BNB-USDT : 0.0029000000000000002@367.22
2022-02-03 16:57:10,683 | INFO | 2022-02-03 16:57:10.683679order kcsmain: buy LINK-USDT : 0.07@15.6511
2022-02-03 16:57:11,248 | INFO | 2022-02-03 16:57:11.248859order kcsmain: buy LINK-USDT : 0.07@15.6511
2022-02-03 16:57:11,903 | INFO | 2022-02-03 16:57:11.903836order kcsmain: buy LINK-USDT : 0.07@15.6511
2022-02-03 16:57:14,188 | INFO | 2022-02-03 16:57:14.188964order kcsmain: buy ICP-USDT : 0.05@20.75
2022-02-03 16:57:14,861 | INFO | 2022-02-03 16:57:14.861559order kcsmain: buy ICP-USDT : 0.05@20.75
2022-02-03 16:57:15,428 | INFO | 2022-02-03 16:57:15.428113order kcsmain: buy ICP-USDT : 0.05@20.75
2022-02-03 16:57:17,711 | INFO | 2022-02-03 16:57:17.711865order kcsmain: buy KDA-USDT : 0.2@5.4194
2022-02-03 16:57:18,298 | INFO | 2022-02-03 16:57:18.298932order kcsmain: buy KDA-USDT : 0.2@5.4194
2022-02-03 16:57:18,881 | INFO | 2022-02-03 16:57:18.881053order kcsmain: buy KDA-USDT : 0.2@5.4194
2022-02-03 16:57:21,502 | INFO | 2022-02-03 16:57:21.502857order kcsmain: buy SOL-USDT : 0.0199@97.181
2022-02-03 16:57:22,235 | INFO | 2022-02-03 16:57:22.235923order kcsmain: buy SOL-USDT : 0.0199@97.181
2022-02-03 16:57:23,629 | INFO | 2022-02-03 16:57:23.629426order kcsmain: buy SOL-USDT : 0.0199@97.181
2022-02-03 16:57:26,152 | INFO | 2022-02-03 16:57:26.152771order kcsmain: buy BLOK-USDT : 39.999900000000004@0.027672
2022-02-03 16:57:28,210 | INFO | 2022-02-03 16:57:28.210899order kcsmain: buy BLOK-USDT : 39.999900000000004@0.027672
2022-02-03 16:57:28,989 | INFO | 2022-02-03 16:57:28.989263order kcsmain: buy BLOK-USDT : 39.999900000000004@0.027672
2022-02-03 16:57:32,165 | INFO | 2022-02-03 16:57:32.165964order kcsmain: buy CRO-USDT : 2.9999000000000002@0.4012
2022-02-03 16:57:32,840 | INFO | 2022-02-03 16:57:32.840357order kcsmain: buy CRO-USDT : 2.9999000000000002@0.4012
2022-02-03 16:57:33,446 | INFO | 2022-02-03 16:57:33.446450order kcsmain: buy CRO-USDT : 2.9999000000000002@0.4012
2022-02-03 17:03:11,550 | INFO | 2022-02-03 17:03:11.550530 : Connected successfully
2022-02-03 17:10:11,470 | INFO | 2022-02-03 17:10:11.470512 : Connected successfully
2022-02-03 17:10:20,465 | INFO | 2022-02-03 17:10:20.465024order kcsmain: buy MANA-USDT : 0.4@2.53372
2022-02-03 17:10:21,598 | INFO | 2022-02-03 17:10:21.598402order kcsmain: buy MANA-USDT : 0.4@2.53372
2022-02-03 17:10:22,493 | INFO | 2022-02-03 17:10:22.493403order kcsmain: buy MANA-USDT : 0.4@2.53372
2022-02-03 17:10:26,784 | INFO | 2022-02-03 17:10:26.784486order kcsmain: buy SHIB-USDT : 499.9999@2.042e-05
2022-02-03 17:10:27,569 | INFO | 2022-02-03 17:10:27.569468order kcsmain: buy SHIB-USDT : 499.9999@2.042e-05
2022-02-03 17:10:30,152 | INFO | 2022-02-03 17:10:30.152784order kcsmain: buy BNB-USDT : 0.0029000000000000002@362.178
2022-02-03 17:10:30,954 | INFO | 2022-02-03 17:10:30.954053order kcsmain: buy BNB-USDT : 0.0029000000000000002@362.178
2022-02-03 17:10:31,889 | INFO | 2022-02-03 17:10:31.889178order kcsmain: buy BNB-USDT : 0.0029000000000000002@362.178
2022-02-03 17:10:34,513 | INFO | 2022-02-03 17:10:34.513420order kcsmain: buy LINK-USDT : 0.07@15.3423
2022-02-03 17:10:35,313 | INFO | 2022-02-03 17:10:35.313531order kcsmain: buy LINK-USDT : 0.07@15.3423
2022-02-03 17:10:36,094 | INFO | 2022-02-03 17:10:36.094161order kcsmain: buy LINK-USDT : 0.07@15.3423
2022-02-03 17:10:38,681 | INFO | 2022-02-03 17:10:38.681885order kcsmain: buy ICP-USDT : 0.05@20.38
2022-02-03 17:10:39,709 | INFO | 2022-02-03 17:10:39.709952order kcsmain: buy ICP-USDT : 0.05@20.38
2022-02-03 17:10:40,631 | INFO | 2022-02-03 17:10:40.631077order kcsmain: buy ICP-USDT : 0.05@20.38
2022-02-03 17:10:41,513 | INFO | 2022-02-03 17:10:41.513533order kcsmain: buy ICP-USDT : 0.05@20.38
2022-02-03 17:10:42,429 | INFO | 2022-02-03 17:10:42.429563order kcsmain: buy ICP-USDT : 0.05@20.38
2022-02-03 17:10:43,276 | INFO | 2022-02-03 17:10:43.276856order kcsmain: buy ICP-USDT : 0.05@20.38
2022-02-03 17:10:45,883 | INFO | 2022-02-03 17:10:45.883911order kcsmain: buy KDA-USDT : 0.2@5.3588
2022-02-03 17:10:47,116 | INFO | 2022-02-03 17:10:47.116206order kcsmain: buy KDA-USDT : 0.2@5.3588
2022-02-03 17:10:47,882 | INFO | 2022-02-03 17:10:47.882331order kcsmain: buy KDA-USDT : 0.2@5.3588
2022-02-03 17:10:52,430 | INFO | 2022-02-03 17:10:52.430788order kcsmain: buy BLOK-USDT : 39.999900000000004@0.026979
2022-02-03 17:10:53,239 | INFO | 2022-02-03 17:10:53.239597order kcsmain: buy BLOK-USDT : 39.999900000000004@0.026979
2022-02-03 17:10:54,087 | INFO | 2022-02-03 17:10:54.087449order kcsmain: buy BLOK-USDT : 39.999900000000004@0.026979
2022-02-03 17:10:56,701 | INFO | 2022-02-03 17:10:56.701123order kcsmain: buy CRO-USDT : 2.9999000000000002@0.3957
2022-02-03 17:10:57,545 | INFO | 2022-02-03 17:10:57.545551order kcsmain: buy CRO-USDT : 2.9999000000000002@0.3957
2022-02-03 17:10:58,361 | INFO | 2022-02-03 17:10:58.361712order kcsmain: buy CRO-USDT : 2.9999000000000002@0.3957
2022-02-03 17:11:02,609 | INFO | 2022-02-03 17:11:02.609850order kcsmain: buy BTT-USDT : 499.9999@2.089e-06
2022-02-03 17:11:03,509 | INFO | 2022-02-03 17:11:03.509213order kcsmain: buy BTT-USDT : 499.9999@2.089e-06
2022-02-03 17:11:04,355 | INFO | 2022-02-03 17:11:04.355243order kcsmain: buy BTT-USDT : 499.9999@2.089e-06
2022-02-03 17:11:05,293 | INFO | 2022-02-03 17:11:05.293228order kcsmain: buy BTT-USDT : 499.9999@2.089e-06
2022-02-03 17:11:06,212 | INFO | 2022-02-03 17:11:06.212031order kcsmain: buy BTT-USDT : 499.9999@2.089e-06
2022-02-03 17:11:07,145 | INFO | 2022-02-03 17:11:07.145277order kcsmain: buy BTT-USDT : 499.9999@2.089e-06
2022-02-03 17:11:09,846 | INFO | 2022-02-03 17:11:09.846732order kcsmain: buy ALGO-USDT : 1.9999@0.9068
2022-02-03 17:11:10,650 | INFO | 2022-02-03 17:11:10.650572order kcsmain: buy ALGO-USDT : 1.9999@0.9068
2022-02-03 17:11:11,450 | INFO | 2022-02-03 17:11:11.450109order kcsmain: buy ALGO-USDT : 1.9999@0.9068
2022-02-03 17:11:13,889 | INFO | 2022-02-03 17:11:13.889562order kcsmain: buy DOGE-USDT : 7.9999@0.13591
2022-02-03 17:11:14,699 | INFO | 2022-02-03 17:11:14.699901order kcsmain: buy DOGE-USDT : 7.9999@0.13591
2022-02-03 17:11:15,637 | INFO | 2022-02-03 17:11:15.637918order kcsmain: buy DOGE-USDT : 7.9999@0.13591
2022-02-03 17:11:18,485 | INFO | 2022-02-03 17:11:18.485339order kcsmain: buy QRDO-USDT : 0.4999@2.2188
2022-02-03 17:11:19,339 | INFO | 2022-02-03 17:11:19.339314order kcsmain: buy QRDO-USDT : 0.4999@2.2188
2022-02-03 17:11:20,153 | INFO | 2022-02-03 17:11:20.153918order kcsmain: buy QRDO-USDT : 0.4999@2.2188
2022-02-03 17:11:22,574 | INFO | 2022-02-03 17:11:22.574575order kcsmain: buy DOT-USDT : 0.0599@18.161
2022-02-03 17:11:23,374 | INFO | 2022-02-03 17:11:23.374160order kcsmain: buy DOT-USDT : 0.0599@18.161
2022-02-03 17:11:24,184 | INFO | 2022-02-03 17:11:24.184670order kcsmain: buy DOT-USDT : 0.0599@18.161
2022-02-03 17:11:26,736 | INFO | 2022-02-03 17:11:26.736106order kcsmain: buy GALAX-USDT : 5.9999@0.18267
2022-02-03 17:11:27,570 | INFO | 2022-02-03 17:11:27.570132order kcsmain: buy GALAX-USDT : 5.9999@0.18267
2022-02-03 17:11:28,373 | INFO | 2022-02-03 17:11:28.373542order kcsmain: buy GALAX-USDT : 5.9999@0.18267
2022-02-03 17:11:30,939 | INFO | 2022-02-03 17:11:30.939377order kcsmain: buy MOVR-USDT : 0.0199@72.3331
2022-02-03 17:11:31,877 | INFO | 2022-02-03 17:11:31.877403order kcsmain: buy MOVR-USDT : 0.0199@72.3331
2022-02-03 17:11:32,699 | INFO | 2022-02-03 17:11:32.699893order kcsmain: buy MOVR-USDT : 0.0199@72.3331
2022-02-03 17:11:35,533 | INFO | 2022-02-03 17:11:35.533618order kcsmain: buy ZKT-USDT : 0.08990000000000001@11.92
2022-02-03 17:11:36,329 | INFO | 2022-02-03 17:11:36.329121order kcsmain: buy ZKT-USDT : 0.08990000000000001@11.92
2022-02-03 17:11:37,250 | INFO | 2022-02-03 17:11:37.250943order kcsmain: buy ZKT-USDT : 0.08990000000000001@11.92
2022-02-03 17:11:42,450 | INFO | 2022-02-03 17:11:42.450444order kcsmain: buy XLM-USDT : 5.9999@0.189975
2022-02-03 17:11:43,223 | INFO | 2022-02-03 17:11:43.223601order kcsmain: buy XLM-USDT : 5.9999@0.189975
2022-02-03 17:11:44,093 | INFO | 2022-02-03 17:11:44.093648order kcsmain: buy XLM-USDT : 5.9999@0.189975
2022-02-03 17:11:46,693 | INFO | 2022-02-03 17:11:46.693485order kcsmain: buy ADA-USDT : 0.9999@1.021057
2022-02-03 17:11:47,608 | INFO | 2022-02-03 17:11:47.608425order kcsmain: buy ADA-USDT : 0.9999@1.021057
2022-02-03 17:11:48,395 | INFO | 2022-02-03 17:11:48.395339order kcsmain: buy ADA-USDT : 0.9999@1.021057
2022-02-03 17:11:49,389 | INFO | 2022-02-03 17:11:49.389509order kcsmain: buy ADA-USDT : 0.9999@1.021057
2022-02-03 17:11:50,359 | INFO | 2022-02-03 17:11:50.359148order kcsmain: buy ADA-USDT : 0.9999@1.021057
2022-02-03 17:11:53,023 | INFO | 2022-02-03 17:11:53.023303order kcsmain: buy WAX-USDT : 3.9999000000000002@0.3198
2022-02-03 17:11:53,903 | INFO | 2022-02-03 17:11:53.903361order kcsmain: buy WAX-USDT : 3.9999000000000002@0.3198
2022-02-03 17:11:54,717 | INFO | 2022-02-03 17:11:54.717939order kcsmain: buy WAX-USDT : 3.9999000000000002@0.3198
2022-02-03 17:11:57,293 | INFO | 2022-02-03 17:11:57.293382order kcsmain: buy QNT-USDT : 0.0079@130.24
2022-02-03 17:11:58,164 | INFO | 2022-02-03 17:11:58.164623order kcsmain: buy QNT-USDT : 0.0079@130.24
2022-02-03 17:11:58,983 | INFO | 2022-02-03 17:11:58.983083order kcsmain: buy QNT-USDT : 0.0079@130.24
2022-02-03 17:11:59,905 | INFO | 2022-02-03 17:11:59.905808order kcsmain: buy QNT-USDT : 0.0079@130.24
2022-02-03 17:12:02,453 | INFO | 2022-02-03 17:12:02.453453order kcsmain: buy VET-USDT : 19.9999@0.050863
2022-02-03 17:12:03,301 | INFO | 2022-02-03 17:12:03.301874order kcsmain: buy VET-USDT : 19.9999@0.050863
2022-02-03 17:12:04,334 | INFO | 2022-02-03 17:12:04.334476order kcsmain: buy VET-USDT : 19.9999@0.050863
2022-02-03 17:12:06,781 | INFO | 2022-02-03 17:12:06.781583order kcsmain: buy KOK-USDT : 0.2@5.528
2022-02-03 17:12:07,534 | INFO | 2022-02-03 17:12:07.534357order kcsmain: buy KOK-USDT : 0.2@5.528
2022-02-03 17:12:09,969 | INFO | 2022-02-03 17:12:09.969519order kcsmain: buy THETA-USDT : 0.4@2.7021
2022-02-03 17:12:10,733 | INFO | 2022-02-03 17:12:10.733359order kcsmain: buy THETA-USDT : 0.4@2.7021
2022-02-03 17:12:11,621 | INFO | 2022-02-03 17:12:11.621764order kcsmain: buy THETA-USDT : 0.4@2.7021
2022-02-03 17:12:14,133 | INFO | 2022-02-03 17:12:14.133171order kcsmain: buy EGLD-USDT : 0.0079@137.66
2022-02-03 17:12:14,994 | INFO | 2022-02-03 17:12:14.994027order kcsmain: buy EGLD-USDT : 0.0079@137.66
2022-02-03 17:12:15,877 | INFO | 2022-02-03 17:12:15.877410order kcsmain: buy EGLD-USDT : 0.0079@137.66
2022-02-03 17:12:18,517 | INFO | 2022-02-03 17:12:18.517314order kcsmain: buy VRA-USDT : 59.999900000000004@0.01863745
2022-02-03 17:12:19,443 | INFO | 2022-02-03 17:12:19.443668order kcsmain: buy VRA-USDT : 59.999900000000004@0.01863745
2022-02-03 17:12:20,204 | INFO | 2022-02-03 17:12:20.204637order kcsmain: buy VRA-USDT : 59.999900000000004@0.01863745
2022-02-03 17:12:22,706 | INFO | 2022-02-03 17:12:22.706909order kcsmain: buy HERO-USDT : 29.9999@0.04626
2022-02-03 17:12:23,569 | INFO | 2022-02-03 17:12:23.569515order kcsmain: buy HERO-USDT : 29.9999@0.04626
2022-02-03 17:12:24,341 | INFO | 2022-02-03 17:12:24.341689order kcsmain: buy HERO-USDT : 29.9999@0.04626
2022-02-03 17:12:27,131 | INFO | 2022-02-03 17:12:27.131520order kcsmain: buy WIN-USDT : 399.9999@0.00029386
2022-02-03 17:12:27,913 | INFO | 2022-02-03 17:12:27.913486order kcsmain: buy WIN-USDT : 399.9999@0.00029386
2022-02-03 17:12:28,715 | INFO | 2022-02-03 17:12:28.715281order kcsmain: buy WIN-USDT : 399.9999@0.00029386
2022-02-03 17:16:52,269 | INFO | 2022-02-03 17:16:52.269541 : Connected successfully
2022-02-03 17:17:01,450 | INFO | 2022-02-03 17:17:01.450957order kcsmain: buy MANA-USDT : 0.4@2.58303
2022-02-03 17:17:02,217 | INFO | 2022-02-03 17:17:02.217795order kcsmain: buy MANA-USDT : 0.4@2.58303
2022-02-03 17:17:03,154 | INFO | 2022-02-03 17:17:03.154803order kcsmain: buy MANA-USDT : 0.4@2.58303
2022-02-03 17:17:09,042 | INFO | 2022-02-03 17:17:09.042763order kcsmain: buy BNB-USDT : 0.0029000000000000002@362.021
2022-02-03 17:17:09,794 | INFO | 2022-02-03 17:17:09.794838order kcsmain: buy BNB-USDT : 0.0029000000000000002@362.021
2022-02-03 17:17:10,663 | INFO | 2022-02-03 17:17:10.663018order kcsmain: buy BNB-USDT : 0.0029000000000000002@362.021
2022-02-03 17:17:13,019 | INFO | 2022-02-03 17:17:13.019955order kcsmain: buy LINK-USDT : 0.07@15.4093
2022-02-03 17:17:13,836 | INFO | 2022-02-03 17:17:13.836218order kcsmain: buy LINK-USDT : 0.07@15.4093
2022-02-03 17:17:14,572 | INFO | 2022-02-03 17:17:14.572897order kcsmain: buy LINK-USDT : 0.07@15.4093
2022-02-03 17:17:17,077 | INFO | 2022-02-03 17:17:17.077329order kcsmain: buy ICP-USDT : 0.05@20.41
2022-02-03 17:17:17,902 | INFO | 2022-02-03 17:17:17.902511order kcsmain: buy ICP-USDT : 0.05@20.41
2022-02-03 17:17:18,761 | INFO | 2022-02-03 17:17:18.761925order kcsmain: buy ICP-USDT : 0.05@20.41
2022-02-03 17:17:23,083 | INFO | 2022-02-03 17:17:23.083317order kcsmain: buy KDA-USDT : 0.2@5.3498
2022-02-03 17:17:23,911 | INFO | 2022-02-03 17:17:23.911302order kcsmain: buy KDA-USDT : 0.2@5.3498
2022-02-03 17:17:24,776 | INFO | 2022-02-03 17:17:24.776560order kcsmain: buy KDA-USDT : 0.2@5.3498
2022-02-03 17:17:27,305 | INFO | 2022-02-03 17:17:27.305542order kcsmain: buy BLOK-USDT : 39.999900000000004@0.026907
2022-02-03 17:17:28,060 | INFO | 2022-02-03 17:17:28.060405order kcsmain: buy BLOK-USDT : 39.999900000000004@0.026907
2022-02-03 17:17:28,826 | INFO | 2022-02-03 17:17:28.826997order kcsmain: buy BLOK-USDT : 39.999900000000004@0.026907
2022-02-03 17:17:31,172 | INFO | 2022-02-03 17:17:31.172645order kcsmain: buy CRO-USDT : 2.9999000000000002@0.3948
2022-02-03 17:17:31,929 | INFO | 2022-02-03 17:17:31.929843order kcsmain: buy CRO-USDT : 2.9999000000000002@0.3948
2022-02-03 17:17:36,213 | INFO | 2022-02-03 17:17:36.213142order kcsmain: buy BTT-USDT : 499.9999@2.082e-06
2022-02-03 17:17:36,983 | INFO | 2022-02-03 17:17:36.983688order kcsmain: buy BTT-USDT : 499.9999@2.082e-06
2022-02-03 17:17:37,728 | INFO | 2022-02-03 17:17:37.728786order kcsmain: buy BTT-USDT : 499.9999@2.082e-06
2022-02-03 17:17:40,451 | INFO | 2022-02-03 17:17:40.451482order kcsmain: buy ALGO-USDT : 1.9999@0.9091
2022-02-03 17:17:41,238 | INFO | 2022-02-03 17:17:41.238886order kcsmain: buy ALGO-USDT : 1.9999@0.9091
2022-02-03 17:17:42,231 | INFO | 2022-02-03 17:17:42.231540order kcsmain: buy ALGO-USDT : 1.9999@0.9091
2022-02-03 17:17:45,175 | INFO | 2022-02-03 17:17:45.175369order kcsmain: buy DOGE-USDT : 7.9999@0.13584
2022-02-03 17:17:46,032 | INFO | 2022-02-03 17:17:46.032687order kcsmain: buy DOGE-USDT : 7.9999@0.13584
2022-02-03 17:17:46,855 | INFO | 2022-02-03 17:17:46.855049order kcsmain: buy DOGE-USDT : 7.9999@0.13584
2022-02-03 17:17:49,338 | INFO | 2022-02-03 17:17:49.338839order kcsmain: buy QRDO-USDT : 0.4999@2.2156
2022-02-03 17:17:50,274 | INFO | 2022-02-03 17:17:50.274170order kcsmain: buy QRDO-USDT : 0.4999@2.2156
2022-02-03 17:17:51,127 | INFO | 2022-02-03 17:17:51.127471order kcsmain: buy QRDO-USDT : 0.4999@2.2156
2022-02-03 17:17:53,699 | INFO | 2022-02-03 17:17:53.699211order kcsmain: buy DOT-USDT : 0.0599@18.2438
2022-02-03 17:17:54,556 | INFO | 2022-02-03 17:17:54.556674order kcsmain: buy DOT-USDT : 0.0599@18.2438
2022-02-03 17:17:55,543 | INFO | 2022-02-03 17:17:55.543413order kcsmain: buy DOT-USDT : 0.0599@18.2438
2022-02-03 17:17:57,949 | INFO | 2022-02-03 17:17:57.949750order kcsmain: buy GALAX-USDT : 5.9999@0.18051
2022-02-03 17:17:58,795 | INFO | 2022-02-03 17:17:58.795668order kcsmain: buy GALAX-USDT : 5.9999@0.18051
2022-02-03 17:17:59,682 | INFO | 2022-02-03 17:17:59.682495order kcsmain: buy GALAX-USDT : 5.9999@0.18051
2022-02-03 17:18:02,224 | INFO | 2022-02-03 17:18:02.224679order kcsmain: buy MOVR-USDT : 0.0199@72.4966
2022-02-03 17:18:03,116 | INFO | 2022-02-03 17:18:03.116908order kcsmain: buy MOVR-USDT : 0.0199@72.4966
2022-02-03 17:18:03,885 | INFO | 2022-02-03 17:18:03.885245order kcsmain: buy MOVR-USDT : 0.0199@72.4966
2022-02-03 17:18:06,473 | INFO | 2022-02-03 17:18:06.473256order kcsmain: buy ZKT-USDT : 0.08990000000000001@11.777
2022-02-03 17:18:07,329 | INFO | 2022-02-03 17:18:07.329500order kcsmain: buy ZKT-USDT : 0.08990000000000001@11.777
2022-02-03 17:18:08,095 | INFO | 2022-02-03 17:18:08.095972order kcsmain: buy ZKT-USDT : 0.08990000000000001@11.777
2022-02-03 17:18:12,593 | INFO | 2022-02-03 17:18:12.593174order kcsmain: buy XLM-USDT : 5.9999@0.190387
2022-02-03 17:18:13,470 | INFO | 2022-02-03 17:18:13.470294order kcsmain: buy XLM-USDT : 5.9999@0.190387
2022-02-03 17:18:14,267 | INFO | 2022-02-03 17:18:14.267267order kcsmain: buy XLM-USDT : 5.9999@0.190387
2022-02-03 17:18:16,912 | INFO | 2022-02-03 17:18:16.912641order kcsmain: buy ADA-USDT : 0.9999@1.020651
2022-02-03 17:18:17,893 | INFO | 2022-02-03 17:18:17.893552order kcsmain: buy ADA-USDT : 0.9999@1.020651
2022-02-03 17:18:20,322 | INFO | 2022-02-03 17:18:20.322918order kcsmain: buy WAX-USDT : 3.9999000000000002@0.3202
2022-02-03 17:18:21,202 | INFO | 2022-02-03 17:18:21.202000order kcsmain: buy WAX-USDT : 3.9999000000000002@0.3202
2022-02-03 17:18:22,090 | INFO | 2022-02-03 17:18:22.090119order kcsmain: buy WAX-USDT : 3.9999000000000002@0.3202
2022-02-03 17:18:24,945 | INFO | 2022-02-03 17:18:24.945771order kcsmain: buy QNT-USDT : 0.0079@131.162
2022-02-03 17:18:25,712 | INFO | 2022-02-03 17:18:25.712889order kcsmain: buy QNT-USDT : 0.0079@131.162
2022-02-03 17:18:26,572 | INFO | 2022-02-03 17:18:26.572453order kcsmain: buy QNT-USDT : 0.0079@131.162
2022-02-03 17:18:29,205 | INFO | 2022-02-03 17:18:29.205697order kcsmain: buy VET-USDT : 19.9999@0.0510602
2022-02-03 17:18:29,942 | INFO | 2022-02-03 17:18:29.942667order kcsmain: buy VET-USDT : 19.9999@0.0510602
2022-02-03 17:18:30,725 | INFO | 2022-02-03 17:18:30.725578order kcsmain: buy VET-USDT : 19.9999@0.0510602
2022-02-03 17:18:33,242 | INFO | 2022-02-03 17:18:33.242762order kcsmain: buy KOK-USDT : 0.2@5.5221
2022-02-03 17:18:34,118 | INFO | 2022-02-03 17:18:34.118132order kcsmain: buy KOK-USDT : 0.2@5.5221
2022-02-03 17:18:36,804 | INFO | 2022-02-03 17:18:36.804709order kcsmain: buy THETA-USDT : 0.4@2.7169
2022-02-03 17:18:37,581 | INFO | 2022-02-03 17:18:37.581636order kcsmain: buy THETA-USDT : 0.4@2.7169
2022-02-03 17:18:38,440 | INFO | 2022-02-03 17:18:38.440018order kcsmain: buy THETA-USDT : 0.4@2.7169
2022-02-03 17:18:40,844 | INFO | 2022-02-03 17:18:40.844383order kcsmain: buy EGLD-USDT : 0.0079@138.42
2022-02-03 17:18:41,616 | INFO | 2022-02-03 17:18:41.616319order kcsmain: buy EGLD-USDT : 0.0079@138.42
2022-02-03 17:18:42,598 | INFO | 2022-02-03 17:18:42.598808order kcsmain: buy EGLD-USDT : 0.0079@138.42
2022-02-03 17:18:45,074 | INFO | 2022-02-03 17:18:45.074783order kcsmain: buy VRA-USDT : 59.999900000000004@0.01868184
2022-02-03 17:18:45,873 | INFO | 2022-02-03 17:18:45.873204order kcsmain: buy VRA-USDT : 59.999900000000004@0.01868184
2022-02-03 17:18:46,792 | INFO | 2022-02-03 17:18:46.792421order kcsmain: buy VRA-USDT : 59.999900000000004@0.01868184
2022-02-03 17:18:49,276 | INFO | 2022-02-03 17:18:49.276562order kcsmain: buy HERO-USDT : 29.9999@0.04606
2022-02-03 17:18:50,068 | INFO | 2022-02-03 17:18:50.068586order kcsmain: buy HERO-USDT : 29.9999@0.04606
2022-02-03 17:18:50,972 | INFO | 2022-02-03 17:18:50.972293order kcsmain: buy HERO-USDT : 29.9999@0.04606
2022-02-03 17:24:27,917 | INFO | 2022-02-03 17:24:27.917665 : Connected successfully
2022-02-03 17:24:36,344 | INFO | 2022-02-03 17:24:36.344067order kcsmain: buy MANA-USDT : 0.5@2.55849
2022-02-03 17:24:37,298 | INFO | 2022-02-03 17:24:37.298878order kcsmain: buy MANA-USDT : 0.5@2.55849
2022-02-03 17:24:38,159 | INFO | 2022-02-03 17:24:38.159507order kcsmain: buy MANA-USDT : 0.5@2.55849
2022-02-03 17:24:44,318 | INFO | 2022-02-03 17:24:44.318303order kcsmain: buy BNB-USDT : 0.004@360.934
2022-02-03 17:24:45,161 | INFO | 2022-02-03 17:24:45.161921order kcsmain: buy BNB-USDT : 0.004@360.934
2022-02-03 17:24:46,036 | INFO | 2022-02-03 17:24:46.036857order kcsmain: buy BNB-USDT : 0.004@360.934
2022-02-03 17:24:48,668 | INFO | 2022-02-03 17:24:48.668408order kcsmain: buy LINK-USDT : 0.08@15.3696
2022-02-03 17:24:49,467 | INFO | 2022-02-03 17:24:49.467584order kcsmain: buy LINK-USDT : 0.08@15.3696
2022-02-03 17:24:50,273 | INFO | 2022-02-03 17:24:50.273538order kcsmain: buy LINK-USDT : 0.08@15.3696
2022-02-03 17:24:52,785 | INFO | 2022-02-03 17:24:52.785358order kcsmain: buy ICP-USDT : 0.06@20.37
2022-02-03 17:24:53,751 | INFO | 2022-02-03 17:24:53.751027order kcsmain: buy ICP-USDT : 0.06@20.37
2022-02-03 17:24:54,535 | INFO | 2022-02-03 17:24:54.535354order kcsmain: buy ICP-USDT : 0.06@20.37
2022-02-03 17:24:58,717 | INFO | 2022-02-03 17:24:58.717682order kcsmain: buy KDA-USDT : 0.3@5.3001
2022-02-03 17:24:59,598 | INFO | 2022-02-03 17:24:59.598492order kcsmain: buy KDA-USDT : 0.3@5.3001
2022-02-03 17:25:00,513 | INFO | 2022-02-03 17:25:00.513450order kcsmain: buy KDA-USDT : 0.3@5.3001
2022-02-03 17:25:03,286 | INFO | 2022-02-03 17:25:03.286858order kcsmain: buy BLOK-USDT : 50.0@0.026839
2022-02-03 17:25:04,139 | INFO | 2022-02-03 17:25:04.139660order kcsmain: buy BLOK-USDT : 50.0@0.026839
2022-02-03 17:25:05,011 | INFO | 2022-02-03 17:25:05.011667order kcsmain: buy BLOK-USDT : 50.0@0.026839
2022-02-03 17:25:10,934 | INFO | 2022-02-03 17:25:10.934544order kcsmain: buy BTT-USDT : 600.0@2.074e-06
2022-02-03 17:25:11,875 | INFO | 2022-02-03 17:25:11.875447order kcsmain: buy BTT-USDT : 600.0@2.074e-06
2022-02-03 17:25:12,625 | INFO | 2022-02-03 17:25:12.625921order kcsmain: buy BTT-USDT : 600.0@2.074e-06
2022-02-03 17:25:14,978 | INFO | 2022-02-03 17:25:14.978657order kcsmain: buy ALGO-USDT : 3.0@0.9051
2022-02-03 17:25:15,727 | INFO | 2022-02-03 17:25:15.727208order kcsmain: buy ALGO-USDT : 3.0@0.9051
2022-02-03 17:25:16,535 | INFO | 2022-02-03 17:25:16.535245order kcsmain: buy ALGO-USDT : 3.0@0.9051
2022-02-03 17:25:19,052 | INFO | 2022-02-03 17:25:19.052969order kcsmain: buy DOGE-USDT : 9.0@0.13532
2022-02-03 17:25:19,872 | INFO | 2022-02-03 17:25:19.872647order kcsmain: buy DOGE-USDT : 9.0@0.13532
2022-02-03 17:25:20,881 | INFO | 2022-02-03 17:25:20.881464order kcsmain: buy DOGE-USDT : 9.0@0.13532
2022-02-03 17:25:23,898 | INFO | 2022-02-03 17:25:23.898890order kcsmain: buy QRDO-USDT : 0.6@2.2112
2022-02-03 17:25:24,842 | INFO | 2022-02-03 17:25:24.842098order kcsmain: buy QRDO-USDT : 0.6@2.2112
2022-02-03 17:25:25,981 | INFO | 2022-02-03 17:25:25.981700order kcsmain: buy QRDO-USDT : 0.6@2.2112
2022-02-03 17:25:28,628 | INFO | 2022-02-03 17:25:28.628312order kcsmain: buy DOT-USDT : 0.07@18.2165
2022-02-03 17:25:30,214 | INFO | 2022-02-03 17:25:30.213935order kcsmain: buy DOT-USDT : 0.07@18.2165
2022-02-03 17:25:30,980 | INFO | 2022-02-03 17:25:30.980693order kcsmain: buy DOT-USDT : 0.07@18.2165
2022-02-03 17:25:33,457 | INFO | 2022-02-03 17:25:33.457925order kcsmain: buy GALAX-USDT : 7.0@0.18088
2022-02-03 17:25:34,211 | INFO | 2022-02-03 17:25:34.211190order kcsmain: buy GALAX-USDT : 7.0@0.18088
2022-02-03 17:25:35,136 | INFO | 2022-02-03 17:25:35.136623order kcsmain: buy GALAX-USDT : 7.0@0.18088
2022-02-03 17:25:37,543 | INFO | 2022-02-03 17:25:37.543804order kcsmain: buy MOVR-USDT : 0.03@72.5
2022-02-03 17:25:38,423 | INFO | 2022-02-03 17:25:38.423299order kcsmain: buy MOVR-USDT : 0.03@72.5
2022-02-03 17:25:39,268 | INFO | 2022-02-03 17:25:39.268592order kcsmain: buy MOVR-USDT : 0.03@72.5
2022-02-03 17:25:41,744 | INFO | 2022-02-03 17:25:41.744385order kcsmain: buy ZKT-USDT : 0.1@11.575
2022-02-03 17:25:42,532 | INFO | 2022-02-03 17:25:42.532410order kcsmain: buy ZKT-USDT : 0.1@11.575
2022-02-03 17:25:43,391 | INFO | 2022-02-03 17:25:43.391828order kcsmain: buy ZKT-USDT : 0.1@11.575
2022-02-03 17:25:48,222 | INFO | 2022-02-03 17:25:48.222930order kcsmain: buy XLM-USDT : 7.0@0.190073
2022-02-03 17:25:49,145 | INFO | 2022-02-03 17:25:49.145890order kcsmain: buy XLM-USDT : 7.0@0.190073
2022-02-03 17:25:50,051 | INFO | 2022-02-03 17:25:50.051418order kcsmain: buy XLM-USDT : 7.0@0.190073
2022-02-03 17:25:52,852 | INFO | 2022-02-03 17:25:52.852002order kcsmain: buy ADA-USDT : 2.0@1.017883
2022-02-03 17:25:55,288 | INFO | 2022-02-03 17:25:55.288495order kcsmain: buy WAX-USDT : 5.0@0.3192
2022-02-03 17:25:56,124 | INFO | 2022-02-03 17:25:56.124616order kcsmain: buy WAX-USDT : 5.0@0.3192
2022-02-03 17:25:57,103 | INFO | 2022-02-03 17:25:57.103529order kcsmain: buy WAX-USDT : 5.0@0.3192
2022-02-03 17:25:59,563 | INFO | 2022-02-03 17:25:59.563744order kcsmain: buy QNT-USDT : 0.009@128.7
2022-02-03 17:26:00,379 | INFO | 2022-02-03 17:26:00.379626order kcsmain: buy QNT-USDT : 0.009@128.7
2022-02-03 17:26:01,305 | INFO | 2022-02-03 17:26:01.305213order kcsmain: buy QNT-USDT : 0.009@128.7
2022-02-03 17:26:03,770 | INFO | 2022-02-03 17:26:03.770664order kcsmain: buy VET-USDT : 30.0@0.050866
2022-02-03 17:26:04,587 | INFO | 2022-02-03 17:26:04.587939order kcsmain: buy VET-USDT : 30.0@0.050866
2022-02-03 17:26:05,485 | INFO | 2022-02-03 17:26:05.484937order kcsmain: buy VET-USDT : 30.0@0.050866
2022-02-03 17:26:08,242 | INFO | 2022-02-03 17:26:08.242960order kcsmain: buy KOK-USDT : 0.3@5.5397
2022-02-03 17:26:09,118 | INFO | 2022-02-03 17:26:09.118561order kcsmain: buy KOK-USDT : 0.3@5.5397
2022-02-03 17:26:12,296 | INFO | 2022-02-03 17:26:12.296197order kcsmain: buy THETA-USDT : 0.5@2.7113
2022-02-03 17:26:13,794 | INFO | 2022-02-03 17:26:13.794436order kcsmain: buy THETA-USDT : 0.5@2.7113
2022-02-03 17:26:14,634 | INFO | 2022-02-03 17:26:14.634857order kcsmain: buy THETA-USDT : 0.5@2.7113
2022-02-03 17:26:16,970 | INFO | 2022-02-03 17:26:16.970292order kcsmain: buy EGLD-USDT : 0.009@137.76
2022-02-03 17:26:17,841 | INFO | 2022-02-03 17:26:17.841593order kcsmain: buy EGLD-USDT : 0.009@137.76
2022-02-03 17:26:18,721 | INFO | 2022-02-03 17:26:18.721494order kcsmain: buy EGLD-USDT : 0.009@137.76
2022-02-03 17:26:21,202 | INFO | 2022-02-03 17:26:21.202202order kcsmain: buy VRA-USDT : 70.0@0.01857264
2022-02-03 17:26:22,163 | INFO | 2022-02-03 17:26:22.163193order kcsmain: buy VRA-USDT : 70.0@0.01857264
2022-02-03 17:26:22,936 | INFO | 2022-02-03 17:26:22.936598order kcsmain: buy VRA-USDT : 70.0@0.01857264
2022-02-03 17:26:25,411 | INFO | 2022-02-03 17:26:25.411800order kcsmain: buy HERO-USDT : 40.0@0.04563
2022-02-03 17:26:26,171 | INFO | 2022-02-03 17:26:26.171374order kcsmain: buy HERO-USDT : 40.0@0.04563
2022-02-03 17:26:26,929 | INFO | 2022-02-03 17:26:26.929234order kcsmain: buy HERO-USDT : 40.0@0.04563
2022-02-03 17:32:48,728 | INFO | 2022-02-03 17:32:48.728772 : Connected successfully
2022-02-03 17:33:26,620 | INFO | 2022-02-03 17:33:26.620213 : Connected successfully
2022-02-03 17:33:36,357 | INFO | 2022-02-03 17:33:36.357722order kcsmain: sell MANA-USDT : 1.0@2.61
2022-02-03 17:33:37,268 | INFO | 2022-02-03 17:33:37.268580order kcsmain: sell MANA-USDT : 1.0@2.625
2022-02-03 17:33:39,062 | INFO | 2022-02-03 17:33:39.062737order kcsmain: sell MANA-USDT : 1.0@2.64
2022-02-03 17:33:44,802 | INFO | 2022-02-03 17:33:44.802013order kcsmain: sell BNB-USDT : 0.003@364.0
2022-02-03 17:33:45,793 | INFO | 2022-02-03 17:33:45.793814order kcsmain: sell BNB-USDT : 0.003@366.0
2022-02-03 17:33:46,749 | INFO | 2022-02-03 17:33:46.749833order kcsmain: sell BNB-USDT : 0.003@368.0
2022-02-03 17:33:49,577 | INFO | 2022-02-03 17:33:49.577977order kcsmain: sell LINK-USDT : 0.07@15.6
2022-02-03 17:33:50,493 | INFO | 2022-02-03 17:33:50.493879order kcsmain: sell LINK-USDT : 0.07@15.7
2022-02-03 17:33:51,489 | INFO | 2022-02-03 17:33:51.489856order kcsmain: sell LINK-USDT : 0.07@15.8
2022-02-03 17:33:54,173 | INFO | 2022-02-03 17:33:54.173683order kcsmain: sell ICP-USDT : 0.05@20.7
2022-02-03 17:33:54,968 | INFO | 2022-02-03 17:33:54.968880order kcsmain: sell ICP-USDT : 0.05@20.85
2022-02-03 17:33:55,838 | INFO | 2022-02-03 17:33:55.838703order kcsmain: sell ICP-USDT : 0.05@21.0
2022-02-03 17:33:59,851 | INFO | 2022-02-03 17:33:59.851748order kcsmain: sell KDA-USDT : 0.2@5.28
2022-02-03 17:34:00,860 | INFO | 2022-02-03 17:34:00.860647order kcsmain: sell KDA-USDT : 0.2@5.31
2022-02-03 17:34:01,688 | INFO | 2022-02-03 17:34:01.688657order kcsmain: sell KDA-USDT : 0.2@5.34
2022-02-03 17:34:05,268 | INFO | 2022-02-03 17:34:05.268418order kcsmain: sell BLOK-USDT : 40.0@0.02695
2022-02-03 17:34:06,038 | INFO | 2022-02-03 17:34:06.038834order kcsmain: sell BLOK-USDT : 40.0@0.027
2022-02-03 17:34:06,878 | INFO | 2022-02-03 17:34:06.878804order kcsmain: sell BLOK-USDT : 40.0@0.02705
2022-02-03 17:34:12,877 | INFO | 2022-02-03 17:34:12.877519order kcsmain: sell BTT-USDT : 10000.0@2.085e-06
2022-02-03 17:34:13,711 | INFO | 2022-02-03 17:34:13.711674order kcsmain: sell BTT-USDT : 10000.0@2.1e-06
2022-02-03 17:34:14,600 | INFO | 2022-02-03 17:34:14.600385order kcsmain: sell BTT-USDT : 10000.0@2.115e-06
2022-02-03 17:34:17,088 | INFO | 2022-02-03 17:34:17.088707order kcsmain: sell ALGO-USDT : 2.0@0.9095
2022-02-03 17:34:18,038 | INFO | 2022-02-03 17:34:18.038569order kcsmain: sell ALGO-USDT : 2.0@0.91
2022-02-03 17:34:18,903 | INFO | 2022-02-03 17:34:18.903210order kcsmain: sell ALGO-USDT : 2.0@0.9105
2022-02-03 17:34:21,479 | INFO | 2022-02-03 17:34:21.479051order kcsmain: sell DOGE-USDT : 8.0@0.1365
2022-02-03 17:34:22,323 | INFO | 2022-02-03 17:34:22.323171order kcsmain: sell DOGE-USDT : 8.0@0.137
2022-02-03 17:34:23,558 | INFO | 2022-02-03 17:34:23.558503order kcsmain: sell DOGE-USDT : 8.0@0.1375
2022-02-03 17:34:26,383 | INFO | 2022-02-03 17:34:26.383433order kcsmain: sell QRDO-USDT : 1.0@2.25
2022-02-03 17:34:27,158 | INFO | 2022-02-03 17:34:27.158311order kcsmain: sell QRDO-USDT : 1.0@2.265
2022-02-03 17:34:28,088 | INFO | 2022-02-03 17:34:28.088711order kcsmain: sell QRDO-USDT : 1.0@2.28
2022-02-03 17:34:30,568 | INFO | 2022-02-03 17:34:30.568673order kcsmain: sell DOT-USDT : 0.06@18.4
2022-02-03 17:34:31,328 | INFO | 2022-02-03 17:34:31.328563order kcsmain: sell DOT-USDT : 0.06@18.5
2022-02-03 17:34:32,174 | INFO | 2022-02-03 17:34:32.174559order kcsmain: sell DOT-USDT : 0.06@18.6
2022-02-03 17:34:35,188 | INFO | 2022-02-03 17:34:35.188440order kcsmain: sell GALAX-USDT : 10.0@0.1825
2022-02-03 17:34:35,988 | INFO | 2022-02-03 17:34:35.988678order kcsmain: sell GALAX-USDT : 10.0@0.183
2022-02-03 17:34:36,896 | INFO | 2022-02-03 17:34:36.896622order kcsmain: sell GALAX-USDT : 10.0@0.1835
2022-02-03 17:34:39,526 | INFO | 2022-02-03 17:34:39.526223order kcsmain: sell MOVR-USDT : 0.02@73.2
2022-02-03 17:34:40,288 | INFO | 2022-02-03 17:34:40.288405order kcsmain: sell MOVR-USDT : 0.02@73.6
2022-02-03 17:34:41,067 | INFO | 2022-02-03 17:34:41.067010order kcsmain: sell MOVR-USDT : 0.02@74.0
2022-02-03 17:34:43,521 | INFO | 2022-02-03 17:34:43.521366order kcsmain: sell ZKT-USDT : 0.1@11.5
2022-02-03 17:34:44,384 | INFO | 2022-02-03 17:34:44.384687order kcsmain: sell ZKT-USDT : 0.1@11.6
2022-02-03 17:34:45,651 | INFO | 2022-02-03 17:34:45.651424order kcsmain: sell ZKT-USDT : 0.1@11.7
2022-02-03 17:34:49,685 | INFO | 2022-02-03 17:34:49.685065order kcsmain: sell XLM-USDT : 6.0@0.1915
2022-02-03 17:34:50,608 | INFO | 2022-02-03 17:34:50.608481order kcsmain: sell XLM-USDT : 6.0@0.192
2022-02-03 17:34:51,372 | INFO | 2022-02-03 17:34:51.372367order kcsmain: sell XLM-USDT : 6.0@0.1925
2022-02-03 17:34:54,124 | INFO | 2022-02-03 17:34:54.124144order kcsmain: sell ADA-USDT : 1.0@1.05
2022-02-03 17:34:55,102 | INFO | 2022-02-03 17:34:55.102186order kcsmain: sell ADA-USDT : 1.0@1.06
2022-02-03 17:34:57,584 | INFO | 2022-02-03 17:34:57.584567order kcsmain: sell WAX-USDT : 4.0@0.324
2022-02-03 17:34:58,388 | INFO | 2022-02-03 17:34:58.388729order kcsmain: sell WAX-USDT : 4.0@0.3245
2022-02-03 17:34:59,227 | INFO | 2022-02-03 17:34:59.227352order kcsmain: sell WAX-USDT : 4.0@0.325
2022-02-03 17:35:01,940 | INFO | 2022-02-03 17:35:01.940148order kcsmain: sell QNT-USDT : 0.008@128.0
2022-02-03 17:35:02,720 | INFO | 2022-02-03 17:35:02.720332order kcsmain: sell QNT-USDT : 0.008@129.0
2022-02-03 17:35:03,542 | INFO | 2022-02-03 17:35:03.542492order kcsmain: sell QNT-USDT : 0.008@130.0
2022-02-03 17:35:06,389 | INFO | 2022-02-03 17:35:06.389877order kcsmain: sell VET-USDT : 20.0@0.05115
2022-02-03 17:35:07,223 | INFO | 2022-02-03 17:35:07.223626order kcsmain: sell VET-USDT : 20.0@0.0512
2022-02-03 17:35:08,001 | INFO | 2022-02-03 17:35:08.001652order kcsmain: sell VET-USDT : 20.0@0.05125
2022-02-03 17:35:10,600 | INFO | 2022-02-03 17:35:10.600339order kcsmain: sell KOK-USDT : 0.2@5.58
2022-02-03 17:35:11,668 | INFO | 2022-02-03 17:35:11.668819order kcsmain: sell KOK-USDT : 0.2@5.61
2022-02-03 17:35:15,118 | INFO | 2022-02-03 17:35:15.118506order kcsmain: sell THETA-USDT : 0.4@2.745
2022-02-03 17:35:15,920 | INFO | 2022-02-03 17:35:15.920346order kcsmain: sell THETA-USDT : 0.4@2.76
2022-02-03 17:35:16,769 | INFO | 2022-02-03 17:35:16.769868order kcsmain: sell THETA-USDT : 0.4@2.775
2022-02-03 17:35:19,204 | INFO | 2022-02-03 17:35:19.204733order kcsmain: sell EGLD-USDT : 0.01@140.0
2022-02-03 17:35:20,060 | INFO | 2022-02-03 17:35:20.060186order kcsmain: sell EGLD-USDT : 0.01@141.0
2022-02-03 17:35:20,886 | INFO | 2022-02-03 17:35:20.886186order kcsmain: sell EGLD-USDT : 0.01@142.0
2022-02-03 17:35:23,333 | INFO | 2022-02-03 17:35:23.333562order kcsmain: sell VRA-USDT : 100.0@0.0188
2022-02-03 17:35:24,301 | INFO | 2022-02-03 17:35:24.301792order kcsmain: sell VRA-USDT : 100.0@0.01885
2022-02-03 17:35:25,192 | INFO | 2022-02-03 17:35:25.192284order kcsmain: sell VRA-USDT : 100.0@0.0189
2022-02-03 17:35:27,609 | INFO | 2022-02-03 17:35:27.609419order kcsmain: sell HERO-USDT : 50.0@0.04575
2022-02-03 17:35:29,066 | INFO | 2022-02-03 17:35:29.066437order kcsmain: sell HERO-USDT : 50.0@0.0458
2022-02-03 17:35:29,921 | INFO | 2022-02-03 17:35:29.921061order kcsmain: sell HERO-USDT : 50.0@0.04585
2022-02-03 17:43:09,097 | INFO | 2022-02-03 17:43:09.097032 : Connected successfully
2022-02-03 17:43:18,899 | INFO | 2022-02-03 17:43:18.899656Send order kcsmain: sell MANA-USDT : 1.0@2.595
2022-02-03 17:43:20,187 | INFO | 2022-02-03 17:43:20.187342Success order kcsmain: sell MANA-USDT : 1.0@2.595
2022-02-03 17:43:20,997 | INFO | 2022-02-03 17:43:20.997400Send order kcsmain: sell MANA-USDT : 1.0@2.61
2022-02-03 17:43:21,997 | INFO | 2022-02-03 17:43:21.997510Success order kcsmain: sell MANA-USDT : 1.0@2.61
2022-02-03 17:43:22,785 | INFO | 2022-02-03 17:43:22.785759Send order kcsmain: sell MANA-USDT : 1.0@2.625
2022-02-03 17:43:24,280 | INFO | 2022-02-03 17:43:24.280195Success order kcsmain: sell MANA-USDT : 1.0@2.625
2022-02-03 17:43:29,927 | INFO | 2022-02-03 17:43:29.927042Send order kcsmain: sell BNB-USDT : 0.003@364.0
2022-02-03 17:43:30,881 | INFO | 2022-02-03 17:43:30.881971Success order kcsmain: sell BNB-USDT : 0.003@364.0
2022-02-03 17:43:31,721 | INFO | 2022-02-03 17:43:31.721842Send order kcsmain: sell BNB-USDT : 0.003@366.0
2022-02-03 17:43:32,857 | INFO | 2022-02-03 17:43:32.857185Success order kcsmain: sell BNB-USDT : 0.003@366.0
2022-02-03 17:43:33,685 | INFO | 2022-02-03 17:43:33.685483Send order kcsmain: sell BNB-USDT : 0.003@368.0
2022-02-03 17:43:35,628 | INFO | 2022-02-03 17:43:35.628202Success order kcsmain: sell BNB-USDT : 0.003@368.0
2022-02-03 17:43:38,212 | INFO | 2022-02-03 17:43:38.212371Send order kcsmain: sell LINK-USDT : 0.07@15.6
2022-02-03 17:43:39,332 | INFO | 2022-02-03 17:43:39.332216Success order kcsmain: sell LINK-USDT : 0.07@15.6
2022-02-03 17:43:40,324 | INFO | 2022-02-03 17:43:40.324838Send order kcsmain: sell LINK-USDT : 0.07@15.7
2022-02-03 17:43:41,607 | INFO | 2022-02-03 17:43:41.607131Success order kcsmain: sell LINK-USDT : 0.07@15.7
2022-02-03 17:43:42,426 | INFO | 2022-02-03 17:43:42.426390Send order kcsmain: sell LINK-USDT : 0.07@15.8
2022-02-03 17:43:43,696 | INFO | 2022-02-03 17:43:43.696849Success order kcsmain: sell LINK-USDT : 0.07@15.8
2022-02-03 17:43:46,192 | INFO | 2022-02-03 17:43:46.192279Send order kcsmain: sell ICP-USDT : 0.05@20.55
2022-02-03 17:43:47,206 | INFO | 2022-02-03 17:43:47.206947Success order kcsmain: sell ICP-USDT : 0.05@20.55
2022-02-03 17:43:48,038 | INFO | 2022-02-03 17:43:48.038541Send order kcsmain: sell ICP-USDT : 0.05@20.7
2022-02-03 17:43:49,176 | INFO | 2022-02-03 17:43:49.176364Success order kcsmain: sell ICP-USDT : 0.05@20.7
2022-02-03 17:43:50,184 | INFO | 2022-02-03 17:43:50.184711Send order kcsmain: sell ICP-USDT : 0.05@20.85
2022-02-03 17:43:51,150 | INFO | 2022-02-03 17:43:51.150654Success order kcsmain: sell ICP-USDT : 0.05@20.85
2022-02-03 17:43:55,639 | INFO | 2022-02-03 17:43:55.639327Send order kcsmain: sell KDA-USDT : 0.2@5.28
2022-02-03 17:43:56,746 | INFO | 2022-02-03 17:43:56.746264Success order kcsmain: sell KDA-USDT : 0.2@5.28
2022-02-03 17:43:57,775 | INFO | 2022-02-03 17:43:57.775693Send order kcsmain: sell KDA-USDT : 0.2@5.31
2022-02-03 17:43:59,271 | INFO | 2022-02-03 17:43:59.270744Success order kcsmain: sell KDA-USDT : 0.2@5.31
2022-02-03 17:44:00,201 | INFO | 2022-02-03 17:44:00.201041Send order kcsmain: sell KDA-USDT : 0.2@5.34
2022-02-03 17:44:01,563 | INFO | 2022-02-03 17:44:01.563985Success order kcsmain: sell KDA-USDT : 0.2@5.34
2022-02-03 17:44:04,405 | INFO | 2022-02-03 17:44:04.405308Send order kcsmain: sell BLOK-USDT : 40.0@0.02695
2022-02-03 17:44:05,418 | INFO | 2022-02-03 17:44:05.418314Success order kcsmain: sell BLOK-USDT : 40.0@0.02695
2022-02-03 17:44:06,328 | INFO | 2022-02-03 17:44:06.328812Send order kcsmain: sell BLOK-USDT : 40.0@0.027
2022-02-03 17:44:07,451 | INFO | 2022-02-03 17:44:07.451612Success order kcsmain: sell BLOK-USDT : 40.0@0.027
2022-02-03 17:44:08,279 | INFO | 2022-02-03 17:44:08.279363Send order kcsmain: sell BLOK-USDT : 40.0@0.02705
2022-02-03 17:44:09,264 | INFO | 2022-02-03 17:44:09.264144Success order kcsmain: sell BLOK-USDT : 40.0@0.02705
2022-02-03 17:44:14,979 | INFO | 2022-02-03 17:44:14.979216Send order kcsmain: sell BTT-USDT : 10000.0@2.085e-06
2022-02-03 17:44:16,125 | INFO | 2022-02-03 17:44:16.125566Success order kcsmain: sell BTT-USDT : 10000.0@2.085e-06
2022-02-03 17:44:17,033 | INFO | 2022-02-03 17:44:17.033197Send order kcsmain: sell BTT-USDT : 10000.0@2.1e-06
2022-02-03 17:44:18,166 | INFO | 2022-02-03 17:44:18.166654Success order kcsmain: sell BTT-USDT : 10000.0@2.1e-06
2022-02-03 17:44:19,047 | INFO | 2022-02-03 17:44:19.047075Send order kcsmain: sell BTT-USDT : 10000.0@2.115e-06
2022-02-03 17:44:20,124 | INFO | 2022-02-03 17:44:20.124982Success order kcsmain: sell BTT-USDT : 10000.0@2.115e-06
2022-02-03 17:44:22,512 | INFO | 2022-02-03 17:44:22.512759Send order kcsmain: sell ALGO-USDT : 2.0@0.91
2022-02-03 17:44:23,469 | INFO | 2022-02-03 17:44:23.469477Success order kcsmain: sell ALGO-USDT : 2.0@0.91
2022-02-03 17:44:24,354 | INFO | 2022-02-03 17:44:24.354845Send order kcsmain: sell ALGO-USDT : 2.0@0.9105
2022-02-03 17:44:25,334 | INFO | 2022-02-03 17:44:25.334779Success order kcsmain: sell ALGO-USDT : 2.0@0.9105
2022-02-03 17:44:26,131 | INFO | 2022-02-03 17:44:26.131408Send order kcsmain: sell ALGO-USDT : 2.0@0.911
2022-02-03 17:44:27,086 | INFO | 2022-02-03 17:44:27.086776Success order kcsmain: sell ALGO-USDT : 2.0@0.911
2022-02-03 17:44:29,547 | INFO | 2022-02-03 17:44:29.547175Send order kcsmain: sell DOGE-USDT : 8.0@0.1365
2022-02-03 17:44:30,562 | INFO | 2022-02-03 17:44:30.562650Success order kcsmain: sell DOGE-USDT : 8.0@0.1365
2022-02-03 17:44:31,360 | INFO | 2022-02-03 17:44:31.360963Send order kcsmain: sell DOGE-USDT : 8.0@0.137
2022-02-03 17:44:32,522 | INFO | 2022-02-03 17:44:32.522730Success order kcsmain: sell DOGE-USDT : 8.0@0.137
2022-02-03 17:44:33,320 | INFO | 2022-02-03 17:44:33.320530Send order kcsmain: sell DOGE-USDT : 8.0@0.1375
2022-02-03 17:44:34,387 | INFO | 2022-02-03 17:44:34.387101Success order kcsmain: sell DOGE-USDT : 8.0@0.1375
2022-02-03 17:44:36,807 | INFO | 2022-02-03 17:44:36.807776Send order kcsmain: sell QRDO-USDT : 1.0@2.235
2022-02-03 17:44:37,852 | INFO | 2022-02-03 17:44:37.852261Success order kcsmain: sell QRDO-USDT : 1.0@2.235
2022-02-03 17:44:38,591 | INFO | 2022-02-03 17:44:38.591275Send order kcsmain: sell QRDO-USDT : 1.0@2.25
2022-02-03 17:44:39,546 | INFO | 2022-02-03 17:44:39.546967Success order kcsmain: sell QRDO-USDT : 1.0@2.25
2022-02-03 17:44:40,297 | INFO | 2022-02-03 17:44:40.297210Send order kcsmain: sell QRDO-USDT : 1.0@2.265
2022-02-03 17:44:41,418 | INFO | 2022-02-03 17:44:41.418649Success order kcsmain: sell QRDO-USDT : 1.0@2.265
2022-02-03 17:44:43,839 | INFO | 2022-02-03 17:44:43.839872Send order kcsmain: sell DOT-USDT : 0.06@18.4
2022-02-03 17:44:44,936 | INFO | 2022-02-03 17:44:44.936188Success order kcsmain: sell DOT-USDT : 0.06@18.4
2022-02-03 17:44:45,739 | INFO | 2022-02-03 17:44:45.739552Send order kcsmain: sell DOT-USDT : 0.06@18.5
2022-02-03 17:44:46,958 | INFO | 2022-02-03 17:44:46.958439Success order kcsmain: sell DOT-USDT : 0.06@18.5
2022-02-03 17:44:47,797 | INFO | 2022-02-03 17:44:47.797553Send order kcsmain: sell DOT-USDT : 0.06@18.6
2022-02-03 17:44:48,907 | INFO | 2022-02-03 17:44:48.907218Success order kcsmain: sell DOT-USDT : 0.06@18.6
2022-02-03 17:44:51,396 | INFO | 2022-02-03 17:44:51.396888Send order kcsmain: sell GALAX-USDT : 10.0@0.1815
2022-02-03 17:44:52,577 | INFO | 2022-02-03 17:44:52.577277Success order kcsmain: sell GALAX-USDT : 10.0@0.1815
2022-02-03 17:44:53,787 | INFO | 2022-02-03 17:44:53.787999Send order kcsmain: sell GALAX-USDT : 10.0@0.182
2022-02-03 17:44:55,104 | INFO | 2022-02-03 17:44:55.104696Success order kcsmain: sell GALAX-USDT : 10.0@0.182
2022-02-03 17:44:56,027 | INFO | 2022-02-03 17:44:56.027712Send order kcsmain: sell GALAX-USDT : 10.0@0.1825
2022-02-03 17:44:57,020 | INFO | 2022-02-03 17:44:57.020169Success order kcsmain: sell GALAX-USDT : 10.0@0.1825
2022-02-03 17:44:59,509 | INFO | 2022-02-03 17:44:59.509985Send order kcsmain: sell MOVR-USDT : 0.02@73.2
2022-02-03 17:45:00,852 | INFO | 2022-02-03 17:45:00.852258Success order kcsmain: sell MOVR-USDT : 0.02@73.2
2022-02-03 17:45:01,769 | INFO | 2022-02-03 17:45:01.769690Send order kcsmain: sell MOVR-USDT : 0.02@73.6
2022-02-03 17:45:02,747 | INFO | 2022-02-03 17:45:02.747140Success order kcsmain: sell MOVR-USDT : 0.02@73.6
2022-02-03 17:45:03,554 | INFO | 2022-02-03 17:45:03.554854Send order kcsmain: sell MOVR-USDT : 0.02@74.0
2022-02-03 17:45:04,538 | INFO | 2022-02-03 17:45:04.538333Success order kcsmain: sell MOVR-USDT : 0.02@74.0
2022-02-03 17:45:07,094 | INFO | 2022-02-03 17:45:07.094530Send order kcsmain: sell ZKT-USDT : 0.1@11.5
2022-02-03 17:45:08,270 | INFO | 2022-02-03 17:45:08.270181Success order kcsmain: sell ZKT-USDT : 0.1@11.5
2022-02-03 17:45:09,060 | INFO | 2022-02-03 17:45:09.060710Send order kcsmain: sell ZKT-USDT : 0.1@11.6
2022-02-03 17:45:10,159 | INFO | 2022-02-03 17:45:10.159971Success order kcsmain: sell ZKT-USDT : 0.1@11.6
2022-02-03 17:45:11,016 | INFO | 2022-02-03 17:45:11.016696Send order kcsmain: sell ZKT-USDT : 0.1@11.7
2022-02-03 17:45:12,071 | INFO | 2022-02-03 17:45:12.071650Success order kcsmain: sell ZKT-USDT : 0.1@11.7
2022-02-03 17:45:16,287 | INFO | 2022-02-03 17:45:16.287380Send order kcsmain: sell XLM-USDT : 6.0@0.191
2022-02-03 17:45:17,338 | INFO | 2022-02-03 17:45:17.338775Success order kcsmain: sell XLM-USDT : 6.0@0.191
2022-02-03 17:45:18,111 | INFO | 2022-02-03 17:45:18.111722Send order kcsmain: sell XLM-USDT : 6.0@0.1915
2022-02-03 17:45:19,221 | INFO | 2022-02-03 17:45:19.221625Success order kcsmain: sell XLM-USDT : 6.0@0.1915
2022-02-03 17:45:19,981 | INFO | 2022-02-03 17:45:19.981616Send order kcsmain: sell XLM-USDT : 6.0@0.192
2022-02-03 17:45:21,120 | INFO | 2022-02-03 17:45:21.120568Success order kcsmain: sell XLM-USDT : 6.0@0.192
2022-02-03 17:45:23,626 | INFO | 2022-02-03 17:45:23.626375Send order kcsmain: sell ADA-USDT : 1.0@1.05
2022-02-03 17:45:24,780 | INFO | 2022-02-03 17:45:24.780961Success order kcsmain: sell ADA-USDT : 1.0@1.05
2022-02-03 17:45:25,653 | INFO | 2022-02-03 17:45:25.653876Send order kcsmain: sell ADA-USDT : 1.0@1.06
2022-02-03 17:45:26,669 | INFO | 2022-02-03 17:45:26.669907Success order kcsmain: sell ADA-USDT : 1.0@1.06
2022-02-03 17:45:29,601 | INFO | 2022-02-03 17:45:29.601693Send order kcsmain: sell WAX-USDT : 4.0@0.325
2022-02-03 17:45:30,634 | INFO | 2022-02-03 17:45:30.634150Success order kcsmain: sell WAX-USDT : 4.0@0.325
2022-02-03 17:45:31,483 | INFO | 2022-02-03 17:45:31.483402Send order kcsmain: sell WAX-USDT : 4.0@0.3255
2022-02-03 17:45:32,776 | INFO | 2022-02-03 17:45:32.776340Success order kcsmain: sell WAX-USDT : 4.0@0.3255
2022-02-03 17:45:33,815 | INFO | 2022-02-03 17:45:33.815172Send order kcsmain: sell WAX-USDT : 4.0@0.326
2022-02-03 17:45:35,056 | INFO | 2022-02-03 17:45:35.056647Success order kcsmain: sell WAX-USDT : 4.0@0.326
2022-02-03 17:45:37,718 | INFO | 2022-02-03 17:45:37.717642Send order kcsmain: sell QNT-USDT : 0.008@127.0
2022-02-03 17:45:38,776 | INFO | 2022-02-03 17:45:38.776672Success order kcsmain: sell QNT-USDT : 0.008@127.0
2022-02-03 17:45:39,716 | INFO | 2022-02-03 17:45:39.716524Send order kcsmain: sell QNT-USDT : 0.008@128.0
2022-02-03 17:45:40,726 | INFO | 2022-02-03 17:45:40.726998Success order kcsmain: sell QNT-USDT : 0.008@128.0
2022-02-03 17:45:41,569 | INFO | 2022-02-03 17:45:41.569289Send order kcsmain: sell QNT-USDT : 0.008@129.0
2022-02-03 17:45:42,627 | INFO | 2022-02-03 17:45:42.627154Success order kcsmain: sell QNT-USDT : 0.008@129.0
2022-02-03 17:45:45,365 | INFO | 2022-02-03 17:45:45.365347Send order kcsmain: sell VET-USDT : 20.0@0.051
2022-02-03 17:45:46,458 | INFO | 2022-02-03 17:45:46.458006Success order kcsmain: sell VET-USDT : 20.0@0.051
2022-02-03 17:45:47,321 | INFO | 2022-02-03 17:45:47.321005Send order kcsmain: sell VET-USDT : 20.0@0.05105
2022-02-03 17:45:48,305 | INFO | 2022-02-03 17:45:48.301864Success order kcsmain: sell VET-USDT : 20.0@0.05105
2022-02-03 17:45:49,094 | INFO | 2022-02-03 17:45:49.094687Send order kcsmain: sell VET-USDT : 20.0@0.0511
2022-02-03 17:45:50,164 | INFO | 2022-02-03 17:45:50.164826Success order kcsmain: sell VET-USDT : 20.0@0.0511
2022-02-03 17:45:52,707 | INFO | 2022-02-03 17:45:52.707063Send order kcsmain: sell KOK-USDT : 0.2@5.58
2022-02-03 17:45:53,827 | INFO | 2022-02-03 17:45:53.827268Success order kcsmain: sell KOK-USDT : 0.2@5.58
2022-02-03 17:45:54,606 | INFO | 2022-02-03 17:45:54.606910Send order kcsmain: sell KOK-USDT : 0.2@5.61
2022-02-03 17:45:55,719 | INFO | 2022-02-03 17:45:55.719052Success order kcsmain: sell KOK-USDT : 0.2@5.61
2022-02-03 17:45:58,281 | INFO | 2022-02-03 17:45:58.281583Send order kcsmain: sell THETA-USDT : 0.4@2.73
2022-02-03 17:45:59,259 | INFO | 2022-02-03 17:45:59.259641Success order kcsmain: sell THETA-USDT : 0.4@2.73
2022-02-03 17:46:00,099 | INFO | 2022-02-03 17:46:00.099621Send order kcsmain: sell THETA-USDT : 0.4@2.745
2022-02-03 17:46:01,207 | INFO | 2022-02-03 17:46:01.207613Success order kcsmain: sell THETA-USDT : 0.4@2.745
2022-02-03 17:46:02,053 | INFO | 2022-02-03 17:46:02.053829Send order kcsmain: sell THETA-USDT : 0.4@2.76
2022-02-03 17:46:03,207 | INFO | 2022-02-03 17:46:03.207050Success order kcsmain: sell THETA-USDT : 0.4@2.76
2022-02-03 17:46:05,851 | INFO | 2022-02-03 17:46:05.851478Send order kcsmain: sell EGLD-USDT : 0.01@140.0
2022-02-03 17:46:06,905 | INFO | 2022-02-03 17:46:06.905171Success order kcsmain: sell EGLD-USDT : 0.01@140.0
2022-02-03 17:46:07,697 | INFO | 2022-02-03 17:46:07.697373Send order kcsmain: sell EGLD-USDT : 0.01@141.0
2022-02-03 17:46:08,874 | INFO | 2022-02-03 17:46:08.874529Success order kcsmain: sell EGLD-USDT : 0.01@141.0
2022-02-03 17:46:09,640 | INFO | 2022-02-03 17:46:09.640192Send order kcsmain: sell EGLD-USDT : 0.01@142.0
2022-02-03 17:46:10,639 | INFO | 2022-02-03 17:46:10.639455Success order kcsmain: sell EGLD-USDT : 0.01@142.0
2022-02-03 17:46:13,076 | INFO | 2022-02-03 17:46:13.076879Send order kcsmain: sell VRA-USDT : 100.0@0.0187
2022-02-03 17:46:14,088 | INFO | 2022-02-03 17:46:14.088416Success order kcsmain: sell VRA-USDT : 100.0@0.0187
2022-02-03 17:46:14,859 | INFO | 2022-02-03 17:46:14.859725Send order kcsmain: sell VRA-USDT : 100.0@0.01875
2022-02-03 17:46:15,980 | INFO | 2022-02-03 17:46:15.980156Success order kcsmain: sell VRA-USDT : 100.0@0.01875
2022-02-03 17:46:16,753 | INFO | 2022-02-03 17:46:16.753004Send order kcsmain: sell VRA-USDT : 100.0@0.0188
2022-02-03 17:46:17,837 | INFO | 2022-02-03 17:46:17.837560Success order kcsmain: sell VRA-USDT : 100.0@0.0188
2022-02-03 17:46:20,225 | INFO | 2022-02-03 17:46:20.225498Send order kcsmain: sell HERO-USDT : 50.0@0.0459
2022-02-03 17:46:22,146 | INFO | 2022-02-03 17:46:22.146498Success order kcsmain: sell HERO-USDT : 50.0@0.0459
2022-02-03 17:46:23,578 | INFO | 2022-02-03 17:46:23.578258Send order kcsmain: sell HERO-USDT : 50.0@0.04595
2022-02-03 17:46:24,840 | INFO | 2022-02-03 17:46:24.839534Success order kcsmain: sell HERO-USDT : 50.0@0.04595
2022-02-03 18:34:36,325 | INFO | 2022-02-03 18:34:36.325518 : Connected successfully
2022-02-03 18:37:14,528 | INFO | 2022-02-03 18:37:14.528687 : Connected successfully
2022-02-03 18:37:30,122 | INFO | 2022-02-03 18:37:30.122844| Send order kcsmain: sell MANA-USDT : 1.0@2.61
2022-02-03 18:37:31,269 | INFO | 2022-02-03 18:37:31.269785| Success order kcsmain: sell MANA-USDT : 1.0@2.61
